{"/Users/elena_abrarova/Desktop/hexlet_2_project/src/buildTree.js": {"path":"/Users/elena_abrarova/Desktop/hexlet_2_project/src/buildTree.js","all":false,"statementMap":{"0":{"start":{"line":1,"column":0},"end":{"line":1,"column":23}},"1":{"start":{"line":2,"column":0},"end":{"line":2,"column":0}},"2":{"start":{"line":3,"column":0},"end":{"line":3,"column":36}},"3":{"start":{"line":4,"column":0},"end":{"line":4,"column":51}},"4":{"start":{"line":5,"column":0},"end":{"line":5,"column":36}},"5":{"start":{"line":6,"column":0},"end":{"line":6,"column":50}},"6":{"start":{"line":7,"column":0},"end":{"line":7,"column":49}},"7":{"start":{"line":8,"column":0},"end":{"line":8,"column":48}},"8":{"start":{"line":9,"column":0},"end":{"line":9,"column":48}},"9":{"start":{"line":10,"column":0},"end":{"line":10,"column":47}},"10":{"start":{"line":11,"column":0},"end":{"line":11,"column":73}},"11":{"start":{"line":12,"column":0},"end":{"line":12,"column":44}},"12":{"start":{"line":13,"column":0},"end":{"line":13,"column":20}},"13":{"start":{"line":14,"column":0},"end":{"line":14,"column":5}},"14":{"start":{"line":15,"column":0},"end":{"line":15,"column":48}},"15":{"start":{"line":16,"column":0},"end":{"line":16,"column":34}},"16":{"start":{"line":17,"column":0},"end":{"line":17,"column":5}},"17":{"start":{"line":18,"column":0},"end":{"line":18,"column":32}},"18":{"start":{"line":19,"column":0},"end":{"line":19,"column":9}},"19":{"start":{"line":20,"column":0},"end":{"line":20,"column":38}},"20":{"start":{"line":21,"column":0},"end":{"line":21,"column":2}},"21":{"start":{"line":22,"column":0},"end":{"line":22,"column":0}},"22":{"start":{"line":23,"column":0},"end":{"line":23,"column":26}}},"s":{"0":1,"1":1,"2":1,"3":1,"4":1,"5":1,"6":5,"7":5,"8":5,"9":5,"10":2,"11":2,"12":2,"13":2,"14":5,"15":2,"16":2,"17":5,"18":1,"19":1,"20":1,"21":1,"22":1},"branchMap":{"0":{"type":"branch","line":3,"loc":{"start":{"line":3,"column":19},"end":{"line":21,"column":2}},"locations":[{"start":{"line":3,"column":19},"end":{"line":21,"column":2}}]},"1":{"type":"branch","line":6,"loc":{"start":{"line":6,"column":35},"end":{"line":19,"column":5}},"locations":[{"start":{"line":6,"column":35},"end":{"line":19,"column":5}}]},"2":{"type":"branch","line":10,"loc":{"start":{"line":10,"column":8},"end":{"line":10,"column":29}},"locations":[{"start":{"line":10,"column":8},"end":{"line":10,"column":29}}]},"3":{"type":"branch","line":10,"loc":{"start":{"line":10,"column":46},"end":{"line":14,"column":5}},"locations":[{"start":{"line":10,"column":46},"end":{"line":14,"column":5}}]},"4":{"type":"branch","line":11,"loc":{"start":{"line":11,"column":21},"end":{"line":11,"column":50}},"locations":[{"start":{"line":11,"column":21},"end":{"line":11,"column":50}}]},"5":{"type":"branch","line":11,"loc":{"start":{"line":11,"column":21},"end":{"line":12,"column":11}},"locations":[{"start":{"line":11,"column":21},"end":{"line":12,"column":11}}]},"6":{"type":"branch","line":15,"loc":{"start":{"line":15,"column":8},"end":{"line":15,"column":30}},"locations":[{"start":{"line":15,"column":8},"end":{"line":15,"column":30}}]},"7":{"type":"branch","line":15,"loc":{"start":{"line":15,"column":47},"end":{"line":17,"column":5}},"locations":[{"start":{"line":15,"column":47},"end":{"line":17,"column":5}}]}},"b":{"0":[1],"1":[5],"2":[4],"3":[2],"4":[1],"5":[1],"6":[2],"7":[2]},"fnMap":{"0":{"name":"compareObj","decl":{"start":{"line":3,"column":19},"end":{"line":21,"column":2}},"loc":{"start":{"line":3,"column":19},"end":{"line":21,"column":2}},"line":3}},"f":{"0":1}}
,"/Users/elena_abrarova/Desktop/hexlet_2_project/src/index.js": {"path":"/Users/elena_abrarova/Desktop/hexlet_2_project/src/index.js","all":false,"statementMap":{"0":{"start":{"line":1,"column":0},"end":{"line":1,"column":51}},"1":{"start":{"line":2,"column":0},"end":{"line":2,"column":40}},"2":{"start":{"line":3,"column":0},"end":{"line":3,"column":0}},"3":{"start":{"line":4,"column":0},"end":{"line":4,"column":35}},"4":{"start":{"line":5,"column":0},"end":{"line":5,"column":34}},"5":{"start":{"line":6,"column":0},"end":{"line":6,"column":33}},"6":{"start":{"line":7,"column":0},"end":{"line":7,"column":33}},"7":{"start":{"line":8,"column":0},"end":{"line":8,"column":26}},"8":{"start":{"line":9,"column":0},"end":{"line":9,"column":36}},"9":{"start":{"line":10,"column":0},"end":{"line":10,"column":3}},"10":{"start":{"line":11,"column":0},"end":{"line":11,"column":34}},"11":{"start":{"line":12,"column":0},"end":{"line":12,"column":2}},"12":{"start":{"line":13,"column":0},"end":{"line":13,"column":0}},"13":{"start":{"line":14,"column":0},"end":{"line":14,"column":23}}},"s":{"0":1,"1":1,"2":1,"3":1,"4":1,"5":1,"6":1,"7":1,"8":1,"9":1,"10":1,"11":1,"12":1,"13":1},"branchMap":{"0":{"type":"branch","line":4,"loc":{"start":{"line":4,"column":16},"end":{"line":12,"column":2}},"locations":[{"start":{"line":4,"column":16},"end":{"line":12,"column":2}}]}},"b":{"0":[1]},"fnMap":{"0":{"name":"genDiff","decl":{"start":{"line":4,"column":16},"end":{"line":12,"column":2}},"loc":{"start":{"line":4,"column":16},"end":{"line":12,"column":2}},"line":4}},"f":{"0":1}}
,"/Users/elena_abrarova/Desktop/hexlet_2_project/src/parser.js": {"path":"/Users/elena_abrarova/Desktop/hexlet_2_project/src/parser.js","all":false,"statementMap":{"0":{"start":{"line":1,"column":0},"end":{"line":1,"column":31}},"1":{"start":{"line":2,"column":0},"end":{"line":2,"column":30}},"2":{"start":{"line":3,"column":0},"end":{"line":3,"column":34}},"3":{"start":{"line":4,"column":0},"end":{"line":4,"column":0}},"4":{"start":{"line":5,"column":0},"end":{"line":5,"column":39}},"5":{"start":{"line":6,"column":0},"end":{"line":6,"column":41}},"6":{"start":{"line":7,"column":0},"end":{"line":7,"column":34}},"7":{"start":{"line":8,"column":0},"end":{"line":8,"column":2}},"8":{"start":{"line":9,"column":0},"end":{"line":9,"column":0}},"9":{"start":{"line":10,"column":0},"end":{"line":10,"column":39}},"10":{"start":{"line":11,"column":0},"end":{"line":11,"column":24}},"11":{"start":{"line":12,"column":0},"end":{"line":12,"column":44}},"12":{"start":{"line":13,"column":0},"end":{"line":13,"column":49}},"13":{"start":{"line":14,"column":0},"end":{"line":14,"column":44}},"14":{"start":{"line":15,"column":0},"end":{"line":15,"column":23}},"15":{"start":{"line":16,"column":0},"end":{"line":16,"column":2}}},"s":{"0":1,"1":1,"2":1,"3":1,"4":1,"5":1,"6":1,"7":1,"8":1,"9":1,"10":2,"11":2,"12":2,"13":2,"14":2,"15":2},"branchMap":{"0":{"type":"branch","line":5,"loc":{"start":{"line":5,"column":26},"end":{"line":8,"column":2}},"locations":[{"start":{"line":5,"column":26},"end":{"line":8,"column":2}}]},"1":{"type":"branch","line":10,"loc":{"start":{"line":10,"column":26},"end":{"line":16,"column":2}},"locations":[{"start":{"line":10,"column":26},"end":{"line":16,"column":2}}]}},"b":{"0":[1],"1":[2]},"fnMap":{"0":{"name":"formatter","decl":{"start":{"line":5,"column":26},"end":{"line":8,"column":2}},"loc":{"start":{"line":5,"column":26},"end":{"line":8,"column":2}},"line":5},"1":{"name":"parsePath","decl":{"start":{"line":10,"column":26},"end":{"line":16,"column":2}},"loc":{"start":{"line":10,"column":26},"end":{"line":16,"column":2}},"line":10}},"f":{"0":1,"1":2}}
}
